TN:
SF:src/modules/appointments/services/CreateAppointmentService.ts
FN:35,__decorate
FN:35,__metadata
FN:35,__param
FN:35,__awaiter
FN:35,adopt
FN:35,fulfilled
FN:35,rejected
FN:35,step
FN:35,__generator
FN:35,sent
FN:35,g.<computed>
FN:35,verb
FN:35,step
FN:35,__importDefault
FN:16,CreateAppointmentService
FN:20,CreateAppointmentService.execute
FNF:16
FNH:14
FNDA:1,__decorate
FNDA:1,__metadata
FNDA:1,__param
FNDA:3,__awaiter
FNDA:5,adopt
FNDA:5,fulfilled
FNDA:0,rejected
FNDA:7,step
FNDA:3,__generator
FNDA:5,sent
FNDA:0,g.<computed>
FNDA:9,verb
FNDA:8,step
FNDA:1,__importDefault
FNDA:2,CreateAppointmentService
FNDA:3,CreateAppointmentService.execute
DA:1,1
DA:2,1
DA:3,1
DA:4,1
DA:5,1
DA:6,1
DA:7,1
DA:8,1
DA:9,1
DA:10,1
DA:11,1
DA:12,1
DA:13,1
DA:14,1
DA:15,1
DA:16,1
DA:17,2
DA:18,2
DA:19,1
DA:20,1
DA:21,3
DA:22,3
DA:23,3
DA:24,3
DA:25,3
DA:26,1
DA:27,1
DA:28,2
DA:29,2
DA:30,3
DA:31,3
DA:32,3
DA:33,1
DA:34,1
DA:35,1
LF:35
LH:35
BRDA:35,0,0,1
BRDA:35,1,0,1
BRDA:35,2,0,0
BRDA:35,3,0,0
BRDA:35,4,0,0
BRDA:35,5,0,0
BRDA:35,6,0,1
BRDA:35,7,0,1
BRDA:35,8,0,1
BRDA:35,9,0,3
BRDA:35,10,0,5
BRDA:35,11,0,0
BRDA:35,12,0,3
BRDA:35,13,0,5
BRDA:35,14,0,4
BRDA:35,15,0,1
BRDA:35,16,0,7
BRDA:35,17,0,2
BRDA:35,18,0,5
BRDA:35,19,0,3
BRDA:35,20,0,5
BRDA:35,21,0,0
BRDA:35,22,0,9
BRDA:35,23,0,8
BRDA:35,24,0,8
BRDA:35,25,0,0
BRDA:35,26,0,16
BRDA:35,27,0,0
BRDA:35,28,0,0
BRDA:35,29,0,0
BRDA:35,30,0,0
BRDA:35,31,0,8
BRDA:35,32,0,8
BRDA:35,33,0,5
BRDA:35,34,0,0
BRDA:35,35,0,0
BRDA:35,36,0,3
BRDA:35,37,0,0
BRDA:35,38,0,2
BRDA:35,39,0,0
BRDA:35,40,0,0
BRDA:35,41,0,0
BRDA:35,42,0,0
BRDA:35,43,0,8
BRDA:35,44,0,7
BRDA:35,45,0,1
BRDA:35,46,0,8
BRDA:35,47,0,3
BRDA:35,48,0,1
BRDA:35,49,0,2
BRDA:35,50,0,0
BRDA:35,51,0,1
BRDA:35,52,0,0
BRDA:14,53,0,1
BRDA:16,54,0,2
BRDA:20,55,0,3
BRDA:35,56,0,3
BRDA:35,57,0,8
BRDA:35,58,0,3
BRDA:35,59,0,3
BRDA:25,60,0,1
BRDA:27,61,0,2
BRDA:35,62,0,2
BRF:63
BRH:43
end_of_record
TN:
SF:src/modules/users/services/AuthenticateUserService.ts
FN:48,__decorate
FN:48,__metadata
FN:48,__param
FN:48,__awaiter
FN:48,adopt
FN:48,fulfilled
FN:48,rejected
FN:48,step
FN:48,__generator
FN:48,sent
FN:48,g.<computed>
FN:48,verb
FN:48,step
FN:48,__importDefault
FN:22,AuthenticateUserService
FN:29,AuthenticateUserService.execute
FNF:16
FNH:14
FNDA:1,__decorate
FNDA:1,__metadata
FNDA:2,__param
FNDA:3,__awaiter
FNDA:5,adopt
FNDA:5,fulfilled
FNDA:0,rejected
FNDA:6,step
FNDA:3,__generator
FNDA:5,sent
FNDA:0,g.<computed>
FNDA:9,verb
FNDA:8,step
FNDA:2,__importDefault
FNDA:3,AuthenticateUserService
FNDA:3,AuthenticateUserService.execute
DA:1,1
DA:2,1
DA:3,1
DA:4,1
DA:5,1
DA:6,1
DA:7,1
DA:8,1
DA:9,1
DA:10,1
DA:11,1
DA:12,1
DA:13,1
DA:14,1
DA:15,1
DA:16,1
DA:17,1
DA:18,1
DA:19,1
DA:20,1
DA:21,1
DA:22,1
DA:23,3
DA:24,3
DA:25,3
DA:26,3
DA:27,3
DA:28,1
DA:29,1
DA:30,3
DA:31,3
DA:32,1
DA:33,1
DA:34,2
DA:35,2
DA:36,3
DA:37,3
DA:38,1
DA:39,1
DA:40,1
DA:41,1
DA:42,1
DA:43,1
DA:44,1
DA:45,1
DA:46,1
DA:47,3
DA:48,1
LF:48
LH:48
BRDA:48,0,0,1
BRDA:48,1,0,1
BRDA:48,2,0,0
BRDA:48,3,0,0
BRDA:48,4,0,0
BRDA:48,5,0,0
BRDA:48,6,0,1
BRDA:48,7,0,2
BRDA:48,8,0,2
BRDA:48,9,0,3
BRDA:48,10,0,5
BRDA:48,11,0,0
BRDA:48,12,0,3
BRDA:48,13,0,5
BRDA:48,14,0,3
BRDA:48,15,0,2
BRDA:48,16,0,6
BRDA:48,17,0,1
BRDA:48,18,0,5
BRDA:48,19,0,3
BRDA:48,20,0,5
BRDA:48,21,0,0
BRDA:48,22,0,9
BRDA:48,23,0,8
BRDA:48,24,0,8
BRDA:48,25,0,0
BRDA:48,26,0,16
BRDA:48,27,0,0
BRDA:48,28,0,0
BRDA:48,29,0,0
BRDA:48,30,0,0
BRDA:48,31,0,8
BRDA:48,32,0,8
BRDA:48,33,0,5
BRDA:48,34,0,0
BRDA:48,35,0,0
BRDA:48,36,0,3
BRDA:48,37,0,0
BRDA:48,38,0,1
BRDA:48,39,0,0
BRDA:48,40,0,0
BRDA:48,41,0,0
BRDA:48,42,0,0
BRDA:48,43,0,8
BRDA:48,44,0,6
BRDA:48,45,0,2
BRDA:48,46,0,8
BRDA:48,47,0,3
BRDA:48,48,0,2
BRDA:48,49,0,1
BRDA:48,50,0,0
BRDA:48,51,0,2
BRDA:48,52,0,0
BRDA:20,53,0,1
BRDA:22,54,0,3
BRDA:29,55,0,3
BRDA:48,56,0,3
BRDA:48,57,0,8
BRDA:30,58,0,3
BRDA:48,59,0,3
BRDA:31,60,0,1
BRDA:33,61,0,2
BRDA:48,62,0,2
BRDA:37,63,0,1
BRF:64
BRH:44
end_of_record
TN:
SF:src/modules/users/services/CreateUserService.ts
FN:33,__decorate
FN:33,__metadata
FN:33,__param
FN:33,__awaiter
FN:33,adopt
FN:33,fulfilled
FN:33,rejected
FN:33,step
FN:33,__generator
FN:33,sent
FN:33,g.<computed>
FN:33,verb
FN:33,step
FN:33,__importDefault
FN:16,CreateUserService
FN:23,CreateUserService.execute
FNF:16
FNH:14
FNDA:3,__decorate
FNDA:3,__metadata
FNDA:6,__param
FNDA:7,__awaiter
FNDA:19,adopt
FNDA:19,fulfilled
FNDA:0,rejected
FNDA:25,step
FNDA:7,__generator
FNDA:19,sent
FNDA:0,g.<computed>
FNDA:21,verb
FNDA:26,step
FNDA:3,__importDefault
FNDA:6,CreateUserService
FNDA:7,CreateUserService.execute
DA:1,1
DA:2,1
DA:3,1
DA:4,1
DA:5,1
DA:6,1
DA:7,1
DA:8,1
DA:9,1
DA:10,1
DA:11,1
DA:12,1
DA:13,1
DA:14,3
DA:15,3
DA:16,3
DA:17,6
DA:18,6
DA:19,6
DA:20,6
DA:21,6
DA:22,3
DA:23,3
DA:24,7
DA:25,7
DA:26,1
DA:27,1
DA:28,6
DA:29,6
DA:30,7
DA:31,7
DA:32,7
DA:33,3
LF:33
LH:33
BRDA:33,0,0,3
BRDA:33,1,0,3
BRDA:33,2,0,0
BRDA:33,3,0,0
BRDA:33,4,0,0
BRDA:33,5,0,0
BRDA:33,6,0,3
BRDA:33,7,0,6
BRDA:33,8,0,6
BRDA:33,9,0,7
BRDA:33,10,0,19
BRDA:33,11,0,0
BRDA:33,12,0,7
BRDA:33,13,0,19
BRDA:33,14,0,18
BRDA:33,15,0,1
BRDA:33,16,0,25
BRDA:33,17,0,6
BRDA:33,18,0,19
BRDA:33,19,0,7
BRDA:33,20,0,19
BRDA:33,21,0,0
BRDA:33,22,0,21
BRDA:33,23,0,26
BRDA:33,24,0,26
BRDA:33,25,0,0
BRDA:33,26,0,52
BRDA:33,27,0,0
BRDA:33,28,0,0
BRDA:33,29,0,0
BRDA:33,30,0,0
BRDA:33,31,0,26
BRDA:33,32,0,26
BRDA:33,33,0,19
BRDA:33,34,0,0
BRDA:33,35,0,0
BRDA:33,36,0,7
BRDA:33,37,0,0
BRDA:33,38,0,6
BRDA:33,39,0,0
BRDA:33,40,0,0
BRDA:33,41,0,0
BRDA:33,42,0,0
BRDA:33,43,0,36
BRDA:33,44,0,26
BRDA:33,45,0,25
BRDA:33,46,0,1
BRDA:33,47,0,26
BRDA:33,48,0,7
BRDA:33,49,0,1
BRDA:33,50,0,6
BRDA:33,51,0,0
BRDA:33,52,0,3
BRDA:33,53,0,0
BRDA:14,54,0,3
BRDA:16,55,0,6
BRDA:23,56,0,7
BRDA:33,57,0,7
BRDA:33,58,0,26
BRDA:24,59,0,7
BRDA:33,60,0,7
BRDA:25,61,0,1
BRDA:27,62,0,6
BRDA:33,63,0,6
BRDA:33,64,0,6
BRF:65
BRH:45
end_of_record
TN:
SF:src/modules/users/services/UpdateUserAvatarService.ts
FN:41,__decorate
FN:41,__metadata
FN:41,__param
FN:41,__awaiter
FN:41,adopt
FN:41,fulfilled
FN:41,rejected
FN:41,step
FN:41,__generator
FN:41,sent
FN:41,g.<computed>
FN:41,verb
FN:41,step
FN:41,__importDefault
FN:17,UpdateUserAvatarService
FN:24,UpdateUserAvatarService.execute
FNF:16
FNH:14
FNDA:1,__decorate
FNDA:1,__metadata
FNDA:2,__param
FNDA:4,__awaiter
FNDA:11,adopt
FNDA:11,fulfilled
FNDA:0,rejected
FNDA:14,step
FNDA:4,__generator
FNDA:11,sent
FNDA:0,g.<computed>
FNDA:12,verb
FNDA:15,step
FNDA:1,__importDefault
FNDA:3,UpdateUserAvatarService
FNDA:4,UpdateUserAvatarService.execute
DA:1,1
DA:2,1
DA:3,1
DA:4,1
DA:5,1
DA:6,1
DA:7,1
DA:8,1
DA:9,1
DA:10,1
DA:11,1
DA:12,1
DA:13,1
DA:14,1
DA:15,1
DA:16,1
DA:17,1
DA:18,3
DA:19,3
DA:20,3
DA:21,3
DA:22,3
DA:23,1
DA:24,1
DA:25,4
DA:26,4
DA:27,1
DA:28,1
DA:29,3
DA:30,3
DA:31,1
DA:32,4
DA:33,4
DA:34,4
DA:35,4
DA:36,4
DA:37,4
DA:38,4
DA:39,4
DA:40,4
DA:41,1
LF:41
LH:41
BRDA:41,0,0,1
BRDA:41,1,0,1
BRDA:41,2,0,0
BRDA:41,3,0,0
BRDA:41,4,0,0
BRDA:41,5,0,0
BRDA:41,6,0,1
BRDA:41,7,0,2
BRDA:41,8,0,2
BRDA:41,9,0,4
BRDA:41,10,0,11
BRDA:41,11,0,0
BRDA:41,12,0,4
BRDA:41,13,0,11
BRDA:41,14,0,10
BRDA:41,15,0,1
BRDA:41,16,0,14
BRDA:41,17,0,3
BRDA:41,18,0,11
BRDA:41,19,0,4
BRDA:41,20,0,11
BRDA:41,21,0,0
BRDA:41,22,0,12
BRDA:41,23,0,15
BRDA:41,24,0,15
BRDA:41,25,0,0
BRDA:41,26,0,32
BRDA:41,27,0,0
BRDA:41,28,0,0
BRDA:41,29,0,0
BRDA:41,30,0,0
BRDA:41,31,0,15
BRDA:41,32,0,15
BRDA:41,33,0,11
BRDA:41,34,0,0
BRDA:41,35,0,0
BRDA:41,36,0,6
BRDA:41,37,0,0
BRDA:41,38,0,5
BRDA:41,39,0,4
BRDA:41,40,0,2
BRDA:41,41,0,0
BRDA:41,42,0,2
BRDA:41,43,0,0
BRDA:41,44,0,0
BRDA:41,45,0,0
BRDA:41,46,0,17
BRDA:41,47,0,16
BRDA:41,48,0,1
BRDA:41,49,0,17
BRDA:41,50,0,4
BRDA:41,51,0,1
BRDA:41,52,0,3
BRDA:41,53,0,0
BRDA:41,54,0,1
BRDA:41,55,0,0
BRDA:15,56,0,1
BRDA:17,57,0,3
BRDA:24,58,0,4
BRDA:41,59,0,4
BRDA:41,60,0,17
BRDA:25,61,0,4
BRDA:41,62,0,4
BRDA:26,63,0,1
BRDA:28,64,0,3
BRDA:30,65,0,2
BRDA:30,66,0,1
BRDA:41,67,0,1
BRDA:34,68,0,3
BRDA:41,69,0,3
BRDA:41,70,0,3
BRF:71
BRH:51
end_of_record
